Extension "EPS Input" failed to load because ஒரு சார்பு நிலை சந்திக்கப்படவில்லை
Dependency:
	type: executable
	location: பாதை
	string: ps2pdf

Extension "XFIG Input" failed to load because ஒரு சார்பு நிலை சந்திக்கப்படவில்லை
Dependency:
	type: executable
	location: பாதை
	string: fig2dev

Extension "GIMP XCF" failed to load because ஒரு சார்பு நிலை சந்திக்கப்படவில்லை
Dependency:
	type: executable
	location: பாதை
	string: gimp

Extension "Formula (pdflatex)" failed to load because ஒரு சார்பு நிலை சந்திக்கப்படவில்லை
Dependency:
	type: executable
	location: பாதை
	string: pdflatex

Extension "Plot" failed to load because ஒரு சார்பு நிலை சந்திக்கப்படவில்லை
Dependency:
	type: file
	location: inx
	string: hpgl_decoder.py

Extension "PostScript Input" failed to load because ஒரு சார்பு நிலை சந்திக்கப்படவில்லை
Dependency:
	type: executable
	location: பாதை
	string: ps2pdf

Extension "Optimized PNG" failed to load because ஒரு சார்பு நிலை சந்திக்கப்படவில்லை
Dependency:
	type: executable
	location: பாதை
	string: optipng

Extension "Export to PDF via Scribus" failed to load because ஒரு சார்பு நிலை சந்திக்கப்படவில்லை
Dependency:
	type: executable
	location: பாதை
	string: scribus

